TN:
SF:App.tsx
FN:14,(anonymous_0)
FN:21,(anonymous_1)
FNF:2
FNH:2
FNDA:20,(anonymous_0)
FNDA:1,(anonymous_1)
DA:13,4
DA:14,4
DA:15,20
DA:21,4
DA:22,1
LF:5
LH:5
BRDA:17,0,0,0
BRDA:17,0,1,20
BRF:2
BRH:1
end_of_record
TN:
SF:src/store.tsx
FNF:0
FNH:0
DA:6,4
DA:8,4
DA:13,4
LF:3
LH:3
BRF:0
BRH:0
end_of_record
TN:
SF:src/constant/task.constant.tsx
FNF:0
FNH:0
DA:1,4
DA:7,4
DA:12,4
DA:14,4
LF:4
LH:4
BRF:0
BRH:0
end_of_record
TN:
SF:src/reducer/index.reducer.tsx
FNF:0
FNH:0
DA:4,4
LF:1
LH:1
BRF:0
BRH:0
end_of_record
TN:
SF:src/reducer/task.reducer.tsx
FN:19,(anonymous_0)
FN:22,(anonymous_1)
FNF:2
FNH:2
FNDA:5,(anonymous_0)
FNDA:10,(anonymous_1)
DA:10,4
DA:15,4
DA:20,5
DA:23,10
DA:28,4
LF:5
LH:5
BRF:0
BRH:0
end_of_record
TN:
SF:src/saga/index.saga.tsx
FN:4,rootSaga
FNF:1
FNH:1
FNDA:4,rootSaga
DA:5,4
LF:1
LH:1
BRF:0
BRH:0
end_of_record
TN:
SF:src/saga/task.saga.tsx
FN:8,savedTask
FN:24,getTaskList
FN:38,TaskSaga
FNF:3
FNH:3
FNDA:3,savedTask
FNDA:8,getTaskList
FNDA:4,TaskSaga
DA:11,3
DA:12,3
DA:14,3
DA:20,0
DA:25,8
DA:27,8
DA:29,8
DA:30,1
DA:31,1
DA:34,0
DA:39,4
DA:40,4
DA:43,4
DA:46,4
LF:14
LH:12
BRDA:29,0,0,1
BRDA:29,0,1,7
BRF:2
BRH:2
end_of_record
TN:
SF:src/screen/AddTask.tsx
FN:14,(anonymous_0)
FN:17,(anonymous_1)
FN:41,(anonymous_2)
FN:77,(anonymous_3)
FN:85,(anonymous_4)
FNF:5
FNH:4
FNDA:4,(anonymous_0)
FNDA:7,(anonymous_1)
FNDA:0,(anonymous_2)
FNDA:1,(anonymous_3)
FNDA:1,(anonymous_4)
DA:14,4
DA:15,4
DA:16,4
DA:17,7
DA:18,4
DA:19,4
DA:20,4
DA:21,4
DA:23,4
DA:32,4
DA:41,4
DA:42,0
DA:48,0
DA:49,0
DA:50,0
DA:53,4
DA:78,1
DA:86,1
DA:100,4
LF:19
LH:15
BRDA:46,0,0,0
BRDA:46,0,1,0
BRDA:93,1,0,4
BRDA:93,1,1,1
BRF:4
BRH:2
end_of_record
TN:
SF:src/screen/EditTask.tsx
FN:13,(anonymous_0)
FN:16,(anonymous_1)
FN:17,(anonymous_2)
FN:43,(anonymous_3)
FN:50,(anonymous_4)
FN:80,(anonymous_5)
FN:88,(anonymous_6)
FNF:7
FNH:6
FNDA:4,(anonymous_0)
FNDA:8,(anonymous_1)
FNDA:8,(anonymous_2)
FNDA:1,(anonymous_3)
FNDA:0,(anonymous_4)
FNDA:1,(anonymous_5)
FNDA:1,(anonymous_6)
DA:13,4
DA:14,4
DA:15,4
DA:16,8
DA:17,8
DA:19,4
DA:20,4
DA:21,4
DA:25,4
DA:34,4
DA:43,4
DA:44,1
DA:50,1
DA:51,1
DA:52,1
DA:53,1
DA:56,4
DA:81,1
DA:88,1
DA:101,4
LF:20
LH:20
BRDA:19,0,0,4
BRDA:19,0,1,0
BRDA:20,1,0,4
BRDA:20,1,1,0
BRDA:22,2,0,0
BRDA:22,2,1,4
BRDA:48,3,0,0
BRDA:48,3,1,1
BRDA:94,4,0,4
BRDA:94,4,1,4
BRF:10
BRH:6
end_of_record
TN:
SF:src/screen/Home.tsx
FN:27,(anonymous_0)
FN:31,(anonymous_1)
FN:48,(anonymous_2)
FN:52,(anonymous_3)
FN:57,(anonymous_4)
FN:61,(anonymous_5)
FN:62,(anonymous_6)
FN:77,(anonymous_7)
FN:78,(anonymous_8)
FN:98,(anonymous_9)
FN:103,(anonymous_10)
FN:110,(anonymous_11)
FN:117,(anonymous_12)
FN:122,(anonymous_13)
FN:123,(anonymous_14)
FN:129,(anonymous_15)
FN:135,(anonymous_16)
FN:157,(anonymous_17)
FNF:18
FNH:13
FNDA:13,(anonymous_0)
FNDA:26,(anonymous_1)
FNDA:7,(anonymous_2)
FNDA:9,(anonymous_3)
FNDA:8,(anonymous_4)
FNDA:0,(anonymous_5)
FNDA:0,(anonymous_6)
FNDA:2,(anonymous_7)
FNDA:4,(anonymous_8)
FNDA:0,(anonymous_9)
FNDA:0,(anonymous_10)
FNDA:2,(anonymous_11)
FNDA:1,(anonymous_12)
FNDA:26,(anonymous_13)
FNDA:18,(anonymous_14)
FNDA:2,(anonymous_15)
FNDA:0,(anonymous_16)
FNDA:2,(anonymous_17)
DA:27,4
DA:28,13
DA:29,13
DA:30,12
DA:31,26
DA:32,12
DA:33,12
DA:35,12
DA:43,12
DA:48,12
DA:49,7
DA:52,12
DA:53,9
DA:54,9
DA:57,12
DA:58,8
DA:61,12
DA:62,0
DA:63,0
DA:73,0
DA:74,0
DA:77,12
DA:78,4
DA:79,2
DA:80,2
DA:83,12
DA:99,0
DA:101,0
DA:103,0
DA:104,0
DA:110,2
DA:118,1
DA:119,1
DA:122,26
DA:124,18
DA:130,2
DA:131,2
DA:136,0
DA:158,2
DA:172,4
LF:40
LH:31
BRDA:63,0,0,0
BRDA:63,0,1,0
BRDA:67,1,0,0
BRDA:67,1,1,0
BRDA:101,2,0,0
BRDA:101,2,1,0
BRDA:146,3,0,8
BRDA:146,3,1,10
BRF:8
BRH:2
end_of_record
